<?xml version="1.0" encoding="UTF-8"?>
<coverage generated="1661604573904" clover="3.2.0">
  <project timestamp="1661604573904" name="All files">
    <metrics statements="20" coveredstatements="11" conditionals="15" coveredconditionals="3" methods="3" coveredmethods="3" elements="38" coveredelements="17" complexity="0" loc="20" ncloc="20" packages="1" files="1" classes="1"/>
    <file name="index.ts" path="/Users/ben/Codes/faasjs/workflow/packages/step/src/index.ts">
      <metrics statements="20" coveredstatements="11" conditionals="15" coveredconditionals="3" methods="3" coveredmethods="3"/>
      <line num="2" count="1" type="stmt"/>
      <line num="3" count="1" type="stmt"/>
      <line num="4" count="1" type="stmt"/>
      <line num="19" count="1" type="stmt"/>
      <line num="24" count="1" type="stmt"/>
      <line num="25" count="1" type="stmt"/>
      <line num="51" count="1" type="stmt"/>
      <line num="53" count="1" type="stmt"/>
      <line num="54" count="6" type="cond" truecount="0" falsecount="1"/>
      <line num="56" count="6" type="cond" truecount="3" falsecount="0"/>
      <line num="57" count="6" type="stmt"/>
      <line num="59" count="0" type="cond" truecount="0" falsecount="7"/>
      <line num="63" count="0" type="cond" truecount="0" falsecount="1"/>
      <line num="64" count="0" type="stmt"/>
      <line num="66" count="0" type="cond" truecount="0" falsecount="1"/>
      <line num="67" count="0" type="stmt"/>
      <line num="70" count="0" type="cond" truecount="0" falsecount="1"/>
      <line num="71" count="0" type="cond" truecount="0" falsecount="1"/>
      <line num="72" count="0" type="stmt"/>
      <line num="74" count="0" type="stmt"/>
    </file>
  </project>
</coverage>
