{"/Users/ben/Codes/faasjs/workflow/packages/step/src/index.ts": {"path":"/Users/ben/Codes/faasjs/workflow/packages/step/src/index.ts","statementMap":{"0":{"start":{"line":19,"column":16},"end":{"line":19,"column":32}},"1":{"start":{"line":2,"column":30},"end":{"line":2,"column":null}},"2":{"start":{"line":3,"column":24},"end":{"line":3,"column":null}},"3":{"start":{"line":4,"column":30},"end":{"line":4,"column":null}},"4":{"start":{"line":24,"column":2},"end":{"line":77,"column":null}},"5":{"start":{"line":25,"column":17},"end":{"line":50,"column":6}},"6":{"start":{"line":51,"column":4},"end":{"line":51,"column":null}},"7":{"start":{"line":53,"column":4},"end":{"line":76,"column":null}},"8":{"start":{"line":54,"column":6},"end":{"line":54,"column":null}},"9":{"start":{"line":54,"column":19},"end":{"line":54,"column":null}},"10":{"start":{"line":56,"column":6},"end":{"line":57,"column":null}},"11":{"start":{"line":57,"column":8},"end":{"line":57,"column":null}},"12":{"start":{"line":59,"column":6},"end":{"line":75,"column":null}},"13":{"start":{"line":63,"column":10},"end":{"line":63,"column":null}},"14":{"start":{"line":63,"column":33},"end":{"line":63,"column":null}},"15":{"start":{"line":64,"column":10},"end":{"line":64,"column":15}},"16":{"start":{"line":66,"column":10},"end":{"line":66,"column":null}},"17":{"start":{"line":66,"column":33},"end":{"line":66,"column":null}},"18":{"start":{"line":67,"column":10},"end":{"line":67,"column":15}},"19":{"start":{"line":70,"column":10},"end":{"line":70,"column":null}},"20":{"start":{"line":70,"column":31},"end":{"line":70,"column":null}},"21":{"start":{"line":71,"column":10},"end":{"line":71,"column":null}},"22":{"start":{"line":71,"column":33},"end":{"line":71,"column":null}},"23":{"start":{"line":72,"column":10},"end":{"line":72,"column":15}},"24":{"start":{"line":74,"column":10},"end":{"line":74,"column":null}}},"fnMap":{"0":{"name":"(anonymous_0)","decl":{"start":{"line":19,"column":16},"end":{"line":19,"column":32}},"loc":{"start":{"line":19,"column":16},"end":{"line":19,"column":32}}},"1":{"name":"(anonymous_2)","decl":{"start":{"line":24,"column":17},"end":{"line":24,"column":29}},"loc":{"start":{"line":24,"column":29},"end":{"line":77,"column":3}}},"2":{"name":"(anonymous_3)","decl":{"start":{"line":53,"column":11},"end":{"line":53,"column":29}},"loc":{"start":{"line":53,"column":29},"end":{"line":76,"column":5}}}},"branchMap":{"0":{"loc":{"start":{"line":54,"column":6},"end":{"line":54,"column":null}},"type":"if","locations":[{"start":{"line":54,"column":6},"end":{"line":54,"column":null}}]},"1":{"loc":{"start":{"line":56,"column":6},"end":{"line":57,"column":null}},"type":"if","locations":[{"start":{"line":56,"column":6},"end":{"line":57,"column":null}}]},"2":{"loc":{"start":{"line":56,"column":10},"end":{"line":56,"column":46}},"type":"binary-expr","locations":[{"start":{"line":56,"column":10},"end":{"line":56,"column":25}},{"start":{"line":56,"column":29},"end":{"line":56,"column":46}}]},"3":{"loc":{"start":{"line":59,"column":6},"end":{"line":75,"column":null}},"type":"switch","locations":[{"start":{"line":60,"column":8},"end":{"line":60,"column":21}},{"start":{"line":61,"column":8},"end":{"line":61,"column":20}},{"start":{"line":62,"column":8},"end":{"line":64,"column":15}},{"start":{"line":65,"column":8},"end":{"line":67,"column":15}},{"start":{"line":68,"column":8},"end":{"line":68,"column":22}},{"start":{"line":69,"column":8},"end":{"line":72,"column":15}},{"start":{"line":73,"column":8},"end":{"line":74,"column":null}}]},"4":{"loc":{"start":{"line":63,"column":10},"end":{"line":63,"column":null}},"type":"if","locations":[{"start":{"line":63,"column":10},"end":{"line":63,"column":null}}]},"5":{"loc":{"start":{"line":66,"column":10},"end":{"line":66,"column":null}},"type":"if","locations":[{"start":{"line":66,"column":10},"end":{"line":66,"column":null}}]},"6":{"loc":{"start":{"line":70,"column":10},"end":{"line":70,"column":null}},"type":"if","locations":[{"start":{"line":70,"column":10},"end":{"line":70,"column":null}}]},"7":{"loc":{"start":{"line":71,"column":10},"end":{"line":71,"column":null}},"type":"if","locations":[{"start":{"line":71,"column":10},"end":{"line":71,"column":null}}]}},"s":{"0":1,"1":1,"2":1,"3":1,"4":1,"5":1,"6":1,"7":1,"8":6,"9":0,"10":6,"11":6,"12":0,"13":0,"14":0,"15":0,"16":0,"17":0,"18":0,"19":0,"20":0,"21":0,"22":0,"23":0,"24":0},"f":{"0":2,"1":1,"2":6},"b":{"0":[0],"1":[6],"2":[6,6],"3":[0,0,0,0,0,0,0],"4":[0],"5":[0],"6":[0],"7":[0]}}
}
