TN:
SF:packages/step/src/index.ts
FN:19,(anonymous_0)
FN:24,(anonymous_2)
FN:53,(anonymous_3)
FNF:3
FNH:3
FNDA:2,(anonymous_0)
FNDA:1,(anonymous_2)
FNDA:6,(anonymous_3)
DA:2,1
DA:3,1
DA:4,1
DA:19,1
DA:24,1
DA:25,1
DA:51,1
DA:53,1
DA:54,6
DA:56,6
DA:57,6
DA:59,0
DA:63,0
DA:64,0
DA:66,0
DA:67,0
DA:70,0
DA:71,0
DA:72,0
DA:74,0
LF:20
LH:11
BRDA:54,0,0,0
BRDA:56,1,0,6
BRDA:56,2,0,6
BRDA:56,2,1,6
BRDA:59,3,0,0
BRDA:59,3,1,0
BRDA:59,3,2,0
BRDA:59,3,3,0
BRDA:59,3,4,0
BRDA:59,3,5,0
BRDA:59,3,6,0
BRDA:63,4,0,0
BRDA:66,5,0,0
BRDA:70,6,0,0
BRDA:71,7,0,0
BRF:15
BRH:3
end_of_record
